<?xml version="1.0" encoding="UTF-8"?>
<!-- Generated by org.testng.reporters.JUnitXMLReporter -->
<testsuite ignored="0" hostname="MT-PF14FL5R" failures="0" tests="10" name="LibraryAPITest" time="5.0" errors="0" timestamp="27 Mar 2021 03:02:12 GMT">
  <testcase classname="com.libraryAPI.requests.Addbookrequest" name="AddBook" time="3.006"/>
  <testcase classname="com.libraryAPI.requests.Addbookrequest" name="AddBook" time="0.246"/>
  <testcase classname="com.libraryAPI.requests.Addbookrequest" name="AddBook" time="0.2"/>
  <testcase classname="com.libraryAPI.requests.Addbookrequest" name="AddBook" time="0.231"/>
  <testcase classname="com.libraryAPI.requests.Addbookrequest" name="AddBook" time="0.229"/>
  <testcase classname="com.libraryAPI.requests.Addbookrequest" name="DeleteBook" time="0.183"/>
  <testcase classname="com.libraryAPI.requests.Addbookrequest" name="DeleteBook" time="0.201"/>
  <testcase classname="com.libraryAPI.requests.Addbookrequest" name="DeleteBook" time="0.205"/>
  <testcase classname="com.libraryAPI.requests.Addbookrequest" name="DeleteBook" time="0.229"/>
  <testcase classname="com.libraryAPI.requests.Addbookrequest" name="DeleteBook" time="0.222"/>
</testsuite> <!-- LibraryAPITest -->
