<?xml version="1.0" encoding="UTF-8"?>
<!-- Generated by org.testng.reporters.JUnitXMLReporter -->
<testsuite ignored="0" hostname="MT-PF14FL5R" failures="0" tests="10" name="Test" time="5.832" errors="0" timestamp="2021-03-22T18:19:12 IST">
  <testcase classname="com.libraryAPI.requests.Addbookrequest" name="AddBook" time="2.992"/>
  <testcase classname="com.libraryAPI.requests.Addbookrequest" name="AddBook" time="0.2"/>
  <testcase classname="com.libraryAPI.requests.Addbookrequest" name="AddBook" time="0.236"/>
  <testcase classname="com.libraryAPI.requests.Addbookrequest" name="AddBook" time="0.295"/>
  <testcase classname="com.libraryAPI.requests.Addbookrequest" name="AddBook" time="0.2"/>
  <testcase classname="com.libraryAPI.requests.Addbookrequest" name="DeleteBook" time="0.334"/>
  <testcase classname="com.libraryAPI.requests.Addbookrequest" name="DeleteBook" time="0.307"/>
  <testcase classname="com.libraryAPI.requests.Addbookrequest" name="DeleteBook" time="0.368"/>
  <testcase classname="com.libraryAPI.requests.Addbookrequest" name="DeleteBook" time="0.398"/>
  <testcase classname="com.libraryAPI.requests.Addbookrequest" name="DeleteBook" time="0.4"/>
</testsuite> <!-- Test -->
