<?xml version="1.0" encoding="UTF-8"?>
<testng-results ignored="0" total="10" passed="10" failed="0" skipped="0">
  <reporter-output>
  </reporter-output>
  <suite started-at="2021-03-27T03:02:07Z" name="Suite" finished-at="2021-03-27T03:02:12Z" duration-ms="5000">
    <groups>
    </groups>
    <test started-at="2021-03-27T03:02:07Z" name="LibraryAPITest" finished-at="2021-03-27T03:02:12Z" duration-ms="5000">
      <class name="com.libraryAPI.requests.Addbookrequest">
        <test-method signature="AddBook(java.lang.String, java.lang.String)[pri:0, instance:com.libraryAPI.requests.Addbookrequest@176b75f7]" started-at="2021-03-27T08:32:07Z" name="AddBook" data-provider="getBooksDetail" finished-at="2021-03-27T08:32:10Z" duration-ms="3006" status="PASS">
          <params>
            <param index="0">
              <value>
                <![CDATA[abc]]>
              </value>
            </param>
            <param index="1">
              <value>
                <![CDATA[123]]>
              </value>
            </param>
          </params>
          <reporter-output>
          </reporter-output>
        </test-method> <!-- AddBook -->
        <test-method signature="AddBook(java.lang.String, java.lang.String)[pri:0, instance:com.libraryAPI.requests.Addbookrequest@176b75f7]" started-at="2021-03-27T08:32:10Z" name="AddBook" data-provider="getBooksDetail" finished-at="2021-03-27T08:32:10Z" duration-ms="246" status="PASS">
          <params>
            <param index="0">
              <value>
                <![CDATA[bcd]]>
              </value>
            </param>
            <param index="1">
              <value>
                <![CDATA[234]]>
              </value>
            </param>
          </params>
          <reporter-output>
          </reporter-output>
        </test-method> <!-- AddBook -->
        <test-method signature="AddBook(java.lang.String, java.lang.String)[pri:0, instance:com.libraryAPI.requests.Addbookrequest@176b75f7]" started-at="2021-03-27T08:32:10Z" name="AddBook" data-provider="getBooksDetail" finished-at="2021-03-27T08:32:10Z" duration-ms="200" status="PASS">
          <params>
            <param index="0">
              <value>
                <![CDATA[cde]]>
              </value>
            </param>
            <param index="1">
              <value>
                <![CDATA[345]]>
              </value>
            </param>
          </params>
          <reporter-output>
          </reporter-output>
        </test-method> <!-- AddBook -->
        <test-method signature="AddBook(java.lang.String, java.lang.String)[pri:0, instance:com.libraryAPI.requests.Addbookrequest@176b75f7]" started-at="2021-03-27T08:32:10Z" name="AddBook" data-provider="getBooksDetail" finished-at="2021-03-27T08:32:10Z" duration-ms="231" status="PASS">
          <params>
            <param index="0">
              <value>
                <![CDATA[def]]>
              </value>
            </param>
            <param index="1">
              <value>
                <![CDATA[345]]>
              </value>
            </param>
          </params>
          <reporter-output>
          </reporter-output>
        </test-method> <!-- AddBook -->
        <test-method signature="AddBook(java.lang.String, java.lang.String)[pri:0, instance:com.libraryAPI.requests.Addbookrequest@176b75f7]" started-at="2021-03-27T08:32:10Z" name="AddBook" data-provider="getBooksDetail" finished-at="2021-03-27T08:32:11Z" duration-ms="229" status="PASS">
          <params>
            <param index="0">
              <value>
                <![CDATA[efg]]>
              </value>
            </param>
            <param index="1">
              <value>
                <![CDATA[456]]>
              </value>
            </param>
          </params>
          <reporter-output>
          </reporter-output>
        </test-method> <!-- AddBook -->
        <test-method signature="DeleteBook(java.lang.String, java.lang.String)[pri:0, instance:com.libraryAPI.requests.Addbookrequest@176b75f7]" started-at="2021-03-27T08:32:11Z" name="DeleteBook" data-provider="getBooksDetail" finished-at="2021-03-27T08:32:11Z" duration-ms="183" status="PASS">
          <params>
            <param index="0">
              <value>
                <![CDATA[abc]]>
              </value>
            </param>
            <param index="1">
              <value>
                <![CDATA[123]]>
              </value>
            </param>
          </params>
          <reporter-output>
          </reporter-output>
        </test-method> <!-- DeleteBook -->
        <test-method signature="DeleteBook(java.lang.String, java.lang.String)[pri:0, instance:com.libraryAPI.requests.Addbookrequest@176b75f7]" started-at="2021-03-27T08:32:11Z" name="DeleteBook" data-provider="getBooksDetail" finished-at="2021-03-27T08:32:11Z" duration-ms="201" status="PASS">
          <params>
            <param index="0">
              <value>
                <![CDATA[bcd]]>
              </value>
            </param>
            <param index="1">
              <value>
                <![CDATA[234]]>
              </value>
            </param>
          </params>
          <reporter-output>
          </reporter-output>
        </test-method> <!-- DeleteBook -->
        <test-method signature="DeleteBook(java.lang.String, java.lang.String)[pri:0, instance:com.libraryAPI.requests.Addbookrequest@176b75f7]" started-at="2021-03-27T08:32:11Z" name="DeleteBook" data-provider="getBooksDetail" finished-at="2021-03-27T08:32:11Z" duration-ms="205" status="PASS">
          <params>
            <param index="0">
              <value>
                <![CDATA[cde]]>
              </value>
            </param>
            <param index="1">
              <value>
                <![CDATA[345]]>
              </value>
            </param>
          </params>
          <reporter-output>
          </reporter-output>
        </test-method> <!-- DeleteBook -->
        <test-method signature="DeleteBook(java.lang.String, java.lang.String)[pri:0, instance:com.libraryAPI.requests.Addbookrequest@176b75f7]" started-at="2021-03-27T08:32:11Z" name="DeleteBook" data-provider="getBooksDetail" finished-at="2021-03-27T08:32:11Z" duration-ms="229" status="PASS">
          <params>
            <param index="0">
              <value>
                <![CDATA[def]]>
              </value>
            </param>
            <param index="1">
              <value>
                <![CDATA[345]]>
              </value>
            </param>
          </params>
          <reporter-output>
          </reporter-output>
        </test-method> <!-- DeleteBook -->
        <test-method signature="DeleteBook(java.lang.String, java.lang.String)[pri:0, instance:com.libraryAPI.requests.Addbookrequest@176b75f7]" started-at="2021-03-27T08:32:11Z" name="DeleteBook" data-provider="getBooksDetail" finished-at="2021-03-27T08:32:12Z" duration-ms="222" status="PASS">
          <params>
            <param index="0">
              <value>
                <![CDATA[efg]]>
              </value>
            </param>
            <param index="1">
              <value>
                <![CDATA[456]]>
              </value>
            </param>
          </params>
          <reporter-output>
          </reporter-output>
        </test-method> <!-- DeleteBook -->
      </class> <!-- com.libraryAPI.requests.Addbookrequest -->
    </test> <!-- LibraryAPITest -->
  </suite> <!-- Suite -->
</testng-results>
