<?xml version="1.0" encoding="UTF-8"?>
<!-- Generated by org.testng.reporters.JUnitXMLReporter -->
<testsuite ignored="0" hostname="MT-PF14FL5R" failures="0" tests="10" name="Default test" time="5.423" errors="0" timestamp="2021-03-22T18:10:12 IST">
  <testcase classname="com.libraryAPI.requests.Addbookrequest" name="AddBook" time="3.258"/>
  <testcase classname="com.libraryAPI.requests.Addbookrequest" name="AddBook" time="0.299"/>
  <testcase classname="com.libraryAPI.requests.Addbookrequest" name="AddBook" time="0.296"/>
  <testcase classname="com.libraryAPI.requests.Addbookrequest" name="AddBook" time="0.21"/>
  <testcase classname="com.libraryAPI.requests.Addbookrequest" name="AddBook" time="0.197"/>
  <testcase classname="com.libraryAPI.requests.Addbookrequest" name="DeleteBook" time="0.166"/>
  <testcase classname="com.libraryAPI.requests.Addbookrequest" name="DeleteBook" time="0.33"/>
  <testcase classname="com.libraryAPI.requests.Addbookrequest" name="DeleteBook" time="0.187"/>
  <testcase classname="com.libraryAPI.requests.Addbookrequest" name="DeleteBook" time="0.185"/>
  <testcase classname="com.libraryAPI.requests.Addbookrequest" name="DeleteBook" time="0.211"/>
</testsuite> <!-- Default test -->
